{"logTime": "0525/183136", "correlationVector":"Fc11eq7IxytYDxUKzWaMMf.1","action":"SyncServerConnectionManagerRequest", "result":"SYNC_SERVER_OK", "context":{"environment":"Prod_WestEurope_x00e", "migrationStage":"NotStarted", "server":"GENERAL0100002Q"}}
{"logTime": "0525/183136", "correlationVector":"Fc11eq7IxytYDxUKzWaMMf","action":"Initial GetUpdates", "result":"", "context":Reason: NEW_CLIENT. cV=Fc11eq7IxytYDxUKzWaMMf}
{"logTime": "0525/183136", "correlationVector":"Fc11eq7IxytYDxUKzWaMMf.2","action":"GetUpdates Response", "result":"Success", "context":Received 1 update(s). cV=Fc11eq7IxytYDxUKzWaMMf.0;server=GENERAL0100002Q;cloudType=Consumer;environment=Prod_WestEurope_x00e;migrationStage=NotStarted}
{"logTime": "0525/183151", "correlationVector":"bqj+2RJhH5kDlvFLJWmtrQ","action":"SyncServerConnectionManagerRequest", "result":"SYNC_SERVER_OK", "context":{"environment":"", "migrationStage":"", "server":""}}
{"logTime": "0525/183151", "correlationVector":"8JA+ffqVG1jElYLdc4WwI9","action":"Initial GetUpdates", "result":"", "context":Reason: NEW_CLIENT. cV=8JA+ffqVG1jElYLdc4WwI9}
{"logTime": "0525/183151", "correlationVector":"8JA+ffqVG1jElYLdc4WwI9.1","action":"SyncServerConnectionManagerRequest", "result":"SYNC_SERVER_OK", "context":{"environment":"Prod_WestEurope_x00e", "migrationStage":"NotStarted", "server":"GENERAL0200003A"}}
{"logTime": "0525/183151", "correlationVector":"8JA+ffqVG1jElYLdc4WwI9.2","action":"GetUpdates Response", "result":"Success", "context":Received 7 update(s). cV=8JA+ffqVG1jElYLdc4WwI9.0;server=GENERAL0200003A;cloudType=Consumer;environment=Prod_WestEurope_x00e;migrationStage=NotStarted}
{"logTime": "0525/183151", "correlationVector":"3exikO7WmUkBy7isEB8keA","action":"Normal GetUpdate request", "result":"", "context":cV=3exikO7WmUkBy7isEB8keA
Nudged types: Device Info, User Consents
Refresh requested types: Device Info, User Consents, Send Tab To Self, Encryption Keys}
{"logTime": "0525/183152", "correlationVector":"3exikO7WmUkBy7isEB8keA.1","action":"SyncServerConnectionManagerRequest", "result":"SYNC_SERVER_OK", "context":{"environment":"Prod_WestEurope_x00e", "migrationStage":"NotStarted", "server":"GENERAL0100001A"}}
{"logTime": "0525/183152", "correlationVector":"3exikO7WmUkBy7isEB8keA.2","action":"GetUpdates Response", "result":"Success", "context":Received 0 update(s). cV=3exikO7WmUkBy7isEB8keA.0;server=GENERAL0100001A;cloudType=Consumer;environment=Prod_WestEurope_x00e;migrationStage=NotStarted}
{"logTime": "0525/183152", "correlationVector":"0Z4CaErnZkG26QN8DPLdOf","action":"Commit Request", "result":"", "context":Item count: 2
Contributing types: Device Info, User Consents}
{"logTime": "0525/183152", "correlationVector":"0Z4CaErnZkG26QN8DPLdOf.1","action":"SyncServerConnectionManagerRequest", "result":"SYNC_SERVER_OK", "context":{"environment":"Prod_WestEurope_x00e", "migrationStage":"NotStarted", "server":"GENERAL0100000J"}}
{"logTime": "0525/183152", "correlationVector":"0Z4CaErnZkG26QN8DPLdOf.2","action":"Commit Response", "result":"Success", "context":Result: Success. cV=0Z4CaErnZkG26QN8DPLdOf.0;server=GENERAL0100000J;cloudType=Consumer;environment=Prod_WestEurope_x00e;migrationStage=NotStarted}
{"logTime": "0525/183152", "correlationVector":"/1fjcmXhFK8TdFb+wLlMJF","action":"Normal GetUpdate request", "result":"", "context":cV=/1fjcmXhFK8TdFb+wLlMJF
Nudged types: Device Info}
{"logTime": "0525/183152", "correlationVector":"/1fjcmXhFK8TdFb+wLlMJF.1","action":"SyncServerConnectionManagerRequest", "result":"SYNC_SERVER_OK", "context":{"environment":"Prod_WestEurope_x00e", "migrationStage":"NotStarted", "server":"GENERAL0200002G"}}
{"logTime": "0525/183152", "correlationVector":"/1fjcmXhFK8TdFb+wLlMJF.2","action":"GetUpdates Response", "result":"Success", "context":Received 1 update(s). cV=/1fjcmXhFK8TdFb+wLlMJF.0;server=GENERAL0200002G;cloudType=Consumer;environment=Prod_WestEurope_x00e;migrationStage=NotStarted}
{"logTime": "0525/183633", "correlationVector":"ufPbZu9H71Q0fBE+/wSdOm","action":"Normal GetUpdate request", "result":"", "context":cV=ufPbZu9H71Q0fBE+/wSdOm
Refresh requested types: Device Info, User Consents, Send Tab To Self, Encryption Keys}
{"logTime": "0525/183633", "correlationVector":"ufPbZu9H71Q0fBE+/wSdOm.1","action":"SyncServerConnectionManagerRequest", "result":"SYNC_SERVER_OK", "context":{"environment":"Prod_WestEurope_x00e", "migrationStage":"NotStarted", "server":"GENERAL02000030"}}
{"logTime": "0525/183633", "correlationVector":"ufPbZu9H71Q0fBE+/wSdOm.2","action":"GetUpdates Response", "result":"Success", "context":Received 0 update(s). cV=ufPbZu9H71Q0fBE+/wSdOm.0;server=GENERAL02000030;cloudType=Consumer;environment=Prod_WestEurope_x00e;migrationStage=NotStarted}
{"logTime": "0525/202023", "correlationVector":"aDyhH+UQqZMzg0Z6uYTIS1.1","action":"SyncServerConnectionManagerRequest", "result":"SYNC_SERVER_OK", "context":{"environment":"Prod_WestEurope_x00e", "migrationStage":"NotStarted", "server":"GENERAL0100002M"}}
{"logTime": "0525/202023", "correlationVector":"aDyhH+UQqZMzg0Z6uYTIS1","action":"Initial GetUpdates", "result":"", "context":Reason: NEW_CLIENT. cV=aDyhH+UQqZMzg0Z6uYTIS1}
{"logTime": "0525/202023", "correlationVector":"aDyhH+UQqZMzg0Z6uYTIS1.2","action":"GetUpdates Response", "result":"Success", "context":Received 1 update(s). cV=aDyhH+UQqZMzg0Z6uYTIS1.0;server=GENERAL0100002M;cloudType=Consumer;environment=Prod_WestEurope_x00e;migrationStage=NotStarted}
{"logTime": "0525/202023", "correlationVector":"qTdfBdHGT9yMv2p0XiIR+a","action":"Normal GetUpdate request", "result":"", "context":cV=qTdfBdHGT9yMv2p0XiIR+a
Refresh requested types: Device Info, User Consents, Send Tab To Self, Encryption Keys}
{"logTime": "0525/202023", "correlationVector":"qTdfBdHGT9yMv2p0XiIR+a.1","action":"SyncServerConnectionManagerRequest", "result":"SYNC_SERVER_OK", "context":{"environment":"Prod_WestEurope_x00e", "migrationStage":"NotStarted", "server":"GENERAL01000007"}}
{"logTime": "0525/202023", "correlationVector":"qTdfBdHGT9yMv2p0XiIR+a.2","action":"GetUpdates Response", "result":"Success", "context":Received 0 update(s). cV=qTdfBdHGT9yMv2p0XiIR+a.0;server=GENERAL01000007;cloudType=Consumer;environment=Prod_WestEurope_x00e;migrationStage=NotStarted}
{"logTime": "0525/202029", "correlationVector":"i7GmcvZ5bfxkeDUBmYVZHv","action":"SyncServerConnectionManagerRequest", "result":"SYNC_SERVER_OK", "context":{"environment":"", "migrationStage":"", "server":""}}
{"logTime": "0525/202029", "correlationVector":"nZo5eaGYXOfj//a95LTJHL","action":"Initial GetUpdates", "result":"", "context":Reason: RECONFIGURATION. cV=nZo5eaGYXOfj//a95LTJHL}
{"logTime": "0525/202029", "correlationVector":"nZo5eaGYXOfj//a95LTJHL.1","action":"SyncServerConnectionManagerRequest", "result":"SYNC_SERVER_OK", "context":{"environment":"Prod_WestEurope_x00e", "migrationStage":"NotStarted", "server":"GENERAL0100001T"}}
{"logTime": "0525/202029", "correlationVector":"nZo5eaGYXOfj//a95LTJHL.2","action":"GetUpdates Response", "result":"Success", "context":Received 73 update(s). cV=nZo5eaGYXOfj//a95LTJHL.0;server=GENERAL0100001T;cloudType=Consumer;environment=Prod_WestEurope_x00e;migrationStage=NotStarted}
{"logTime": "0525/202029", "correlationVector":"W6kmsrDnNnNBPceJCbxeEp","action":"Initial GetUpdates", "result":"", "context":Reason: NEWLY_SUPPORTED_DATATYPE. cV=W6kmsrDnNnNBPceJCbxeEp}
{"logTime": "0525/202029", "correlationVector":"W6kmsrDnNnNBPceJCbxeEp.1","action":"SyncServerConnectionManagerRequest", "result":"SYNC_SERVER_OK", "context":{"environment":"Prod_WestEurope_x00e", "migrationStage":"NotStarted", "server":"GENERAL02000018"}}
{"logTime": "0525/202029", "correlationVector":"W6kmsrDnNnNBPceJCbxeEp.2","action":"GetUpdates Response", "result":"Success", "context":Received 14 update(s). cV=W6kmsrDnNnNBPceJCbxeEp.0;server=GENERAL02000018;cloudType=Consumer;environment=Prod_WestEurope_x00e;migrationStage=NotStarted}
{"logTime": "0525/202030", "correlationVector":"jYt6sF+O2gFbYJhBNvVvqK","action":"Initial GetUpdates", "result":"", "context":Reason: NEWLY_SUPPORTED_DATATYPE. cV=jYt6sF+O2gFbYJhBNvVvqK}
{"logTime": "0525/202030", "correlationVector":"jYt6sF+O2gFbYJhBNvVvqK.1","action":"SyncServerConnectionManagerRequest", "result":"SYNC_SERVER_OK", "context":{"environment":"Prod_WestEurope_x00e", "migrationStage":"NotStarted", "server":"GENERAL0100001T"}}
{"logTime": "0525/202030", "correlationVector":"jYt6sF+O2gFbYJhBNvVvqK.2","action":"GetUpdates", "result":"DeleteReceived", "context":{"id":"74b4ac76-12f1-4ec4-a565-0a20173de9a5", "isDeleted:":"true", "version":"1709133767348"}}
{"logTime": "0525/202030", "correlationVector":"jYt6sF+O2gFbYJhBNvVvqK.3","action":"GetUpdates", "result":"DeleteReceived", "context":{"id":"dbd7c6b2-6b08-4717-95c1-149544343ecd", "isDeleted:":"true", "version":"1709702097404"}}
{"logTime": "0525/202030", "correlationVector":"jYt6sF+O2gFbYJhBNvVvqK.4","action":"GetUpdates", "result":"DeleteReceived", "context":{"id":"b14f5ad7-d14a-4214-bf03-49fa30415697", "isDeleted:":"true", "version":"1710767763200"}}
{"logTime": "0525/202030", "correlationVector":"jYt6sF+O2gFbYJhBNvVvqK.5","action":"GetUpdates", "result":"DeleteReceived", "context":{"id":"92c877fa-9374-4478-b962-368c8af50595", "isDeleted:":"true", "version":"1710767763202"}}
{"logTime": "0525/202030", "correlationVector":"jYt6sF+O2gFbYJhBNvVvqK.6","action":"GetUpdates", "result":"DeleteReceived", "context":{"id":"81fc32a6-079b-4f6c-8f75-10d70ebd8ec2", "isDeleted:":"true", "version":"1710767763203"}}
{"logTime": "0525/202030", "correlationVector":"jYt6sF+O2gFbYJhBNvVvqK.7","action":"GetUpdates", "result":"DeleteReceived", "context":{"id":"d10a3cc3-f3cc-44a7-a842-c1f93441aed7", "isDeleted:":"true", "version":"1711953568935"}}
{"logTime": "0525/202030", "correlationVector":"jYt6sF+O2gFbYJhBNvVvqK.8","action":"GetUpdates", "result":"DeleteReceived", "context":{"id":"d1bc9f75-6e92-497e-b972-e597517b1eaf", "isDeleted:":"true", "version":"1711991412901"}}
{"logTime": "0525/202030", "correlationVector":"jYt6sF+O2gFbYJhBNvVvqK.9","action":"GetUpdates", "result":"DeleteReceived", "context":{"id":"18bc5690-5134-41bd-8d6d-57ffa506578f", "isDeleted:":"true", "version":"1711991412902"}}
{"logTime": "0525/202030", "correlationVector":"jYt6sF+O2gFbYJhBNvVvqK.10","action":"GetUpdates", "result":"DeleteReceived", "context":{"id":"e0e4f472-55a1-4898-b1e6-abcea2aadfc8", "isDeleted:":"true", "version":"1711991412903"}}
{"logTime": "0525/202030", "correlationVector":"jYt6sF+O2gFbYJhBNvVvqK.11","action":"GetUpdates", "result":"DeleteReceived", "context":{"id":"ef34ed12-0912-4e3a-bad4-9dfd29410c15", "isDeleted:":"true", "version":"1711991412904"}}
{"logTime": "0525/202030", "correlationVector":"jYt6sF+O2gFbYJhBNvVvqK.12","action":"GetUpdates", "result":"DeleteReceived", "context":{"id":"ce025995-0a6d-4d13-b807-3339f95e8522", "isDeleted:":"true", "version":"1711991412906"}}
{"logTime": "0525/202030", "correlationVector":"jYt6sF+O2gFbYJhBNvVvqK.13","action":"GetUpdates", "result":"DeleteReceived", "context":{"id":"058fb89d-395f-4206-94f6-3e3bd23e9cb4", "isDeleted:":"true", "version":"1714986409963"}}
{"logTime": "0525/202030", "correlationVector":"jYt6sF+O2gFbYJhBNvVvqK.14","action":"GetUpdates", "result":"DeleteReceived", "context":{"id":"18c3be7d-a0da-4624-bf55-a75a6ac7c030", "isDeleted:":"true", "version":"1714986409964"}}
{"logTime": "0525/202030", "correlationVector":"jYt6sF+O2gFbYJhBNvVvqK.15","action":"GetUpdates", "result":"DeleteReceived", "context":{"id":"ad0a7b0a-fc07-4cf0-a99e-46a4703da4dc", "isDeleted:":"true", "version":"1714986409965"}}
{"logTime": "0525/202030", "correlationVector":"jYt6sF+O2gFbYJhBNvVvqK.16","action":"GetUpdates", "result":"DeleteReceived", "context":{"id":"155ac8d8-5f50-451e-99b9-8b858a3c9125", "isDeleted:":"true", "version":"1714986409966"}}
{"logTime": "0525/202030", "correlationVector":"jYt6sF+O2gFbYJhBNvVvqK.17","action":"GetUpdates", "result":"DeleteReceived", "context":{"id":"2f75331f-f9cf-4404-9d76-e0f6bc50e35e", "isDeleted:":"true", "version":"1715749592725"}}
{"logTime": "0525/202030", "correlationVector":"jYt6sF+O2gFbYJhBNvVvqK.18","action":"GetUpdates", "result":"DeleteReceived", "context":{"id":"5b807d53-dc3a-4fc1-8bae-1fb37065bf46", "isDeleted:":"true", "version":"1715885914409"}}
{"logTime": "0525/202030", "correlationVector":"jYt6sF+O2gFbYJhBNvVvqK.19","action":"GetUpdates", "result":"DeleteReceived", "context":{"id":"9ffb7675-3b8f-4c33-afa9-ae18ee397550", "isDeleted:":"true", "version":"1716445635691"}}
{"logTime": "0525/202030", "correlationVector":"jYt6sF+O2gFbYJhBNvVvqK.20","action":"GetUpdates", "result":"DeleteReceived", "context":{"id":"0d4e3624-3cf8-45fe-b46f-452487d05b4e", "isDeleted:":"true", "version":"1716473231099"}}
{"logTime": "0525/202030", "correlationVector":"jYt6sF+O2gFbYJhBNvVvqK.21","action":"GetUpdates", "result":"DeleteReceived", "context":{"id":"703d0b0d-f3c1-4bb3-a94e-35beddc8c61e", "isDeleted:":"true", "version":"1716473231100"}}
{"logTime": "0525/202030", "correlationVector":"jYt6sF+O2gFbYJhBNvVvqK.22","action":"GetUpdates", "result":"DeleteReceived", "context":{"id":"dce4e3c6-6ac1-4ad4-8b1b-65d77ba4a364", "isDeleted:":"true", "version":"1716473240832"}}
{"logTime": "0525/202030", "correlationVector":"jYt6sF+O2gFbYJhBNvVvqK.23","action":"GetUpdates", "result":"DeleteReceived", "context":{"id":"33838473-e5e7-45d6-8c9b-cbd31ddf0b47", "isDeleted:":"true", "version":"1716568919023"}}
{"logTime": "0525/202030", "correlationVector":"jYt6sF+O2gFbYJhBNvVvqK.24","action":"GetUpdates", "result":"DeleteReceived", "context":{"id":"183a7a8c-1c06-4d09-9c83-f761c5addb7a", "isDeleted:":"true", "version":"1716569249824"}}
{"logTime": "0525/202030", "correlationVector":"jYt6sF+O2gFbYJhBNvVvqK.25","action":"GetUpdates Response", "result":"Success", "context":Received 61 update(s). cV=jYt6sF+O2gFbYJhBNvVvqK.0;server=GENERAL0100001T;cloudType=Consumer;environment=Prod_WestEurope_x00e;migrationStage=NotStarted}
{"logTime": "0525/202030", "correlationVector":"tUeEgsbuZOl1IJ9OMfyk3I","action":"Normal GetUpdate request", "result":"", "context":cV=tUeEgsbuZOl1IJ9OMfyk3I
Nudged types: Sessions, Device Info
Refresh requested types: Bookmarks, Preferences, Passwords, Autofill Profiles, Autofill, Typed URLs, Extensions, Sessions, Extension settings, History Delete Directives, Device Info, User Consents, Send Tab To Self, Web Apps, Collection, Edge E Drop, Edge Hub App Usage, Edge Tab Group, Edge Wallet, Encryption Keys}
{"logTime": "0525/202030", "correlationVector":"tUeEgsbuZOl1IJ9OMfyk3I.1","action":"SyncServerConnectionManagerRequest", "result":"SYNC_SERVER_OK", "context":{"environment":"Prod_WestEurope_x00e", "migrationStage":"NotStarted", "server":"GENERAL0100001K"}}
{"logTime": "0525/202030", "correlationVector":"tUeEgsbuZOl1IJ9OMfyk3I.2","action":"GetUpdates Response", "result":"Success", "context":Received 0 update(s). cV=tUeEgsbuZOl1IJ9OMfyk3I.0;server=GENERAL0100001K;cloudType=Consumer;environment=Prod_WestEurope_x00e;migrationStage=NotStarted}
{"logTime": "0525/202030", "correlationVector":"hejX7W1Q5g1iTmbPbAIIo7","action":"Commit Request", "result":"", "context":Item count: 3
Contributing types: Sessions, Device Info}
{"logTime": "0525/202030", "correlationVector":"hejX7W1Q5g1iTmbPbAIIo7.1","action":"SyncServerConnectionManagerRequest", "result":"SYNC_SERVER_OK", "context":{"environment":"Prod_WestEurope_x00e", "migrationStage":"NotStarted", "server":"general0200000M"}}
{"logTime": "0525/202030", "correlationVector":"hejX7W1Q5g1iTmbPbAIIo7.2","action":"Commit Response", "result":"Success", "context":Result: Success. cV=hejX7W1Q5g1iTmbPbAIIo7.0;server=general0200000M;cloudType=Consumer;environment=Prod_WestEurope_x00e;migrationStage=NotStarted}
{"logTime": "0525/202349", "correlationVector":"vs5TFcN9Fq+7huv6bA7z5g","action":"Commit Request", "result":"", "context":Item count: 1
Contributing types: Sessions}
{"logTime": "0525/202349", "correlationVector":"vs5TFcN9Fq+7huv6bA7z5g.1","action":"SyncServerConnectionManagerRequest", "result":"SYNC_SERVER_OK", "context":{"environment":"Prod_WestEurope_x00e", "migrationStage":"NotStarted", "server":"GENERAL02000035"}}
{"logTime": "0525/202349", "correlationVector":"vs5TFcN9Fq+7huv6bA7z5g.2","action":"Commit Response", "result":"Success", "context":Result: Success. cV=vs5TFcN9Fq+7huv6bA7z5g.0;server=GENERAL02000035;cloudType=Consumer;environment=Prod_WestEurope_x00e;migrationStage=NotStarted}
{"logTime": "0525/202424", "correlationVector":"xOXJUoEcsaDi56UoL4Y7U7","action":"Normal GetUpdate request", "result":"", "context":cV=xOXJUoEcsaDi56UoL4Y7U7
Refresh requested types: Bookmarks, Preferences, Passwords, Autofill Profiles, Autofill, Typed URLs, Extensions, Sessions, Extension settings, History Delete Directives, Device Info, User Consents, Send Tab To Self, Web Apps, Collection, Edge E Drop, Edge Hub App Usage, Edge Tab Group, Edge Wallet, Encryption Keys}
{"logTime": "0525/202424", "correlationVector":"xOXJUoEcsaDi56UoL4Y7U7.1","action":"SyncServerConnectionManagerRequest", "result":"SYNC_SERVER_OK", "context":{"environment":"Prod_WestEurope_x00e", "migrationStage":"NotStarted", "server":"GENERAL0100001W"}}
{"logTime": "0525/202424", "correlationVector":"xOXJUoEcsaDi56UoL4Y7U7.2","action":"GetUpdates Response", "result":"Success", "context":Received 3 update(s). cV=xOXJUoEcsaDi56UoL4Y7U7.0;server=GENERAL0100001W;cloudType=Consumer;environment=Prod_WestEurope_x00e;migrationStage=NotStarted}
{"logTime": "0525/202639", "correlationVector":"kreuH7QbeG7M9cNcYPR+Ua","action":"Commit Request", "result":"", "context":Item count: 1
Contributing types: Sessions}
{"logTime": "0525/202639", "correlationVector":"kreuH7QbeG7M9cNcYPR+Ua.1","action":"SyncServerConnectionManagerRequest", "result":"SYNC_SERVER_OK", "context":{"environment":"Prod_WestEurope_x00e", "migrationStage":"NotStarted", "server":"GENERAL0200002R"}}
{"logTime": "0525/202639", "correlationVector":"kreuH7QbeG7M9cNcYPR+Ua.2","action":"Commit Response", "result":"Success", "context":Result: Success. cV=kreuH7QbeG7M9cNcYPR+Ua.0;server=GENERAL0200002R;cloudType=Consumer;environment=Prod_WestEurope_x00e;migrationStage=NotStarted}
{"logTime": "0525/202715", "correlationVector":"M7iU7dktwUc3MxxZ+N4fmA","action":"Commit Request", "result":"", "context":Item count: 1
Contributing types: Sessions}
{"logTime": "0525/202715", "correlationVector":"M7iU7dktwUc3MxxZ+N4fmA.1","action":"SyncServerConnectionManagerRequest", "result":"SYNC_SERVER_OK", "context":{"environment":"Prod_WestEurope_x00e", "migrationStage":"NotStarted", "server":"GENERAL0100000R"}}
{"logTime": "0525/202715", "correlationVector":"M7iU7dktwUc3MxxZ+N4fmA.2","action":"Commit Response", "result":"Success", "context":Result: Success. cV=M7iU7dktwUc3MxxZ+N4fmA.0;server=GENERAL0100000R;cloudType=Consumer;environment=Prod_WestEurope_x00e;migrationStage=NotStarted}
{"logTime": "0526/051834", "correlationVector":"y3K6IDsNieBXW/FZK892hL","action":"SyncServerConnectionManagerRequest", "result":"SYNC_SERVER_OK", "context":{"environment":"", "migrationStage":"", "server":""}}
{"logTime": "0526/051834", "correlationVector":"AUGlGFotiZsM/3jZrAgsdt.1","action":"SyncServerConnectionManagerRequest", "result":"SYNC_SERVER_OK", "context":{"environment":"Prod_WestEurope_000l", "migrationStage":"NotStarted", "server":"GENERAL01000000"}}
{"logTime": "0526/051834", "correlationVector":"AUGlGFotiZsM/3jZrAgsdt","action":"Initial GetUpdates", "result":"", "context":Reason: NEW_CLIENT. cV=AUGlGFotiZsM/3jZrAgsdt}
{"logTime": "0526/051834", "correlationVector":"AUGlGFotiZsM/3jZrAgsdt.2","action":"GetUpdates Response", "result":"Success", "context":Received 1 update(s). cV=AUGlGFotiZsM/3jZrAgsdt.0;server=GENERAL01000000;cloudType=Consumer;environment=Prod_WestEurope_000l;migrationStage=NotStarted}
{"logTime": "0526/051834", "correlationVector":"k/tU9gyq/cw2UEiQTvjXcj","action":"Initial GetUpdates", "result":"", "context":Reason: NEWLY_SUPPORTED_DATATYPE. cV=k/tU9gyq/cw2UEiQTvjXcj}
{"logTime": "0526/051834", "correlationVector":"k/tU9gyq/cw2UEiQTvjXcj.1","action":"SyncServerConnectionManagerRequest", "result":"SYNC_SERVER_OK", "context":{"environment":"Prod_WestEurope_000l", "migrationStage":"NotStarted", "server":"GENERAL0100000C"}}
{"logTime": "0526/051834", "correlationVector":"k/tU9gyq/cw2UEiQTvjXcj.2","action":"GetUpdates Response", "result":"Success", "context":Received 7 update(s). cV=k/tU9gyq/cw2UEiQTvjXcj.0;server=GENERAL0100000C;cloudType=Consumer;environment=Prod_WestEurope_000l;migrationStage=NotStarted}
{"logTime": "0526/051834", "correlationVector":"6aNbKgbIXHDg9MwT1CBpuy","action":"Initial GetUpdates", "result":"", "context":Reason: NEWLY_SUPPORTED_DATATYPE. cV=6aNbKgbIXHDg9MwT1CBpuy}
{"logTime": "0526/051834", "correlationVector":"6aNbKgbIXHDg9MwT1CBpuy.1","action":"SyncServerConnectionManagerRequest", "result":"SYNC_SERVER_OK", "context":{"environment":"Prod_WestEurope_000l", "migrationStage":"NotStarted", "server":"general01000021"}}
{"logTime": "0526/051834", "correlationVector":"6aNbKgbIXHDg9MwT1CBpuy.2","action":"GetUpdates Response", "result":"Success", "context":Received 0 update(s). cV=6aNbKgbIXHDg9MwT1CBpuy.0;server=general01000021;cloudType=Consumer;environment=Prod_WestEurope_000l;migrationStage=NotStarted}
{"logTime": "0526/051834", "correlationVector":"C7oslCo5gK9/KaS8DrpPv3","action":"Normal GetUpdate request", "result":"", "context":cV=C7oslCo5gK9/KaS8DrpPv3
Nudged types: Sessions
Refresh requested types: Bookmarks, Preferences, Passwords, Autofill Profiles, Autofill, Typed URLs, Extensions, Sessions, Extension settings, History Delete Directives, Device Info, User Consents, Send Tab To Self, Web Apps, Collection, Edge E Drop, Edge Hub App Usage, Edge Tab Group, Edge Wallet, Encryption Keys}
{"logTime": "0526/051834", "correlationVector":"C7oslCo5gK9/KaS8DrpPv3.1","action":"SyncServerConnectionManagerRequest", "result":"SYNC_SERVER_OK", "context":{"environment":"Prod_WestEurope_000l", "migrationStage":"NotStarted", "server":"GENERAL01000013"}}
{"logTime": "0526/051834", "correlationVector":"C7oslCo5gK9/KaS8DrpPv3.2","action":"GetUpdates Response", "result":"Success", "context":Received 1 update(s). cV=C7oslCo5gK9/KaS8DrpPv3.0;server=GENERAL01000013;cloudType=Consumer;environment=Prod_WestEurope_000l;migrationStage=NotStarted}
{"logTime": "0526/051834", "correlationVector":"jqqMFWKInHSLX/T3xoZq/0","action":"Commit Request", "result":"", "context":Item count: 3
Contributing types: Sessions}
{"logTime": "0526/051834", "correlationVector":"jqqMFWKInHSLX/T3xoZq/0.1","action":"SyncServerConnectionManagerRequest", "result":"SYNC_SERVER_OK", "context":{"environment":"Prod_WestEurope_000l", "migrationStage":"NotStarted", "server":"GENERAL0100000J"}}
{"logTime": "0526/051834", "correlationVector":"jqqMFWKInHSLX/T3xoZq/0.3","action":"Commit.Sessions", "result":"Success", "context":{"id":"6d37101e-c17c-4a9d-a6a5-6118a7a4d17b", "isDeleted":"true", "size":"0", "version":"1716668835972"}}
{"logTime": "0526/051834", "correlationVector":"jqqMFWKInHSLX/T3xoZq/0.2","action":"Commit Response", "result":"Success", "context":Result: Success. cV=jqqMFWKInHSLX/T3xoZq/0.0;server=GENERAL0100000J;cloudType=Consumer;environment=Prod_WestEurope_000l;migrationStage=NotStarted}
{"logTime": "0526/051834", "correlationVector":"+DFtjKE0o8gtaPoYPFFmQb","action":"Normal GetUpdate request", "result":"", "context":cV=+DFtjKE0o8gtaPoYPFFmQb
Nudged types: Sessions}
{"logTime": "0526/051834", "correlationVector":"+DFtjKE0o8gtaPoYPFFmQb.1","action":"SyncServerConnectionManagerRequest", "result":"SYNC_SERVER_OK", "context":{"environment":"Prod_WestEurope_000l", "migrationStage":"NotStarted", "server":"GENERAL0100000A"}}
{"logTime": "0526/051834", "correlationVector":"+DFtjKE0o8gtaPoYPFFmQb.2","action":"GetUpdates", "result":"DeleteReceived", "context":{"id":"6d37101e-c17c-4a9d-a6a5-6118a7a4d17b", "isDeleted:":"true", "version":"1716700713925"}}
{"logTime": "0526/051834", "correlationVector":"+DFtjKE0o8gtaPoYPFFmQb.3","action":"GetUpdates Response", "result":"Success", "context":Received 3 update(s). cV=+DFtjKE0o8gtaPoYPFFmQb.0;server=GENERAL0100000A;cloudType=Consumer;environment=Prod_WestEurope_000l;migrationStage=NotStarted}
{"logTime": "0526/051834", "correlationVector":"NlCq1JqbjlqL2ccl8ag7MS","action":"Commit Request", "result":"", "context":Item count: 1
Contributing types: Sessions}
{"logTime": "0526/051834", "correlationVector":"NlCq1JqbjlqL2ccl8ag7MS.1","action":"SyncServerConnectionManagerRequest", "result":"SYNC_SERVER_OK", "context":{"environment":"Prod_WestEurope_000l", "migrationStage":"NotStarted", "server":"general01000021"}}
{"logTime": "0526/051834", "correlationVector":"NlCq1JqbjlqL2ccl8ag7MS.2","action":"Commit Response", "result":"Success", "context":Result: Success. cV=NlCq1JqbjlqL2ccl8ag7MS.0;server=general01000021;cloudType=Consumer;environment=Prod_WestEurope_000l;migrationStage=NotStarted}
{"logTime": "0526/051834", "correlationVector":"RPXM2Tttvj4qFq7bT4g+Xg","action":"Poll GetUpdate request", "result":"", "context":cV=RPXM2Tttvj4qFq7bT4g+Xg}
{"logTime": "0526/051834", "correlationVector":"RPXM2Tttvj4qFq7bT4g+Xg.1","action":"SyncServerConnectionManagerRequest", "result":"SYNC_SERVER_OK", "context":{"environment":"Prod_WestEurope_000l", "migrationStage":"NotStarted", "server":"GENERAL01000004"}}
{"logTime": "0526/051834", "correlationVector":"RPXM2Tttvj4qFq7bT4g+Xg.2","action":"GetUpdates Response", "result":"Success", "context":Received 1 update(s). cV=RPXM2Tttvj4qFq7bT4g+Xg.0;server=GENERAL01000004;cloudType=Consumer;environment=Prod_WestEurope_000l;migrationStage=NotStarted}
{"logTime": "0526/052235", "correlationVector":"M+cR/ERZ4Tx7zmuCqnpKWN","action":"Commit Request", "result":"", "context":Item count: 1
Contributing types: Sessions}
{"logTime": "0526/052236", "correlationVector":"M+cR/ERZ4Tx7zmuCqnpKWN.1","action":"SyncServerConnectionManagerRequest", "result":"SYNC_SERVER_OK", "context":{"environment":"Prod_WestEurope_000l", "migrationStage":"NotStarted", "server":"GENERAL0100000M"}}
{"logTime": "0526/052236", "correlationVector":"M+cR/ERZ4Tx7zmuCqnpKWN.2","action":"Commit Response", "result":"Success", "context":Result: Success. cV=M+cR/ERZ4Tx7zmuCqnpKWN.0;server=GENERAL0100000M;cloudType=Consumer;environment=Prod_WestEurope_000l;migrationStage=NotStarted}
{"logTime": "0526/052328", "correlationVector":"wv9F9Ik+I9uqcyBHp7fINe","action":"Normal GetUpdate request", "result":"", "context":cV=wv9F9Ik+I9uqcyBHp7fINe
Refresh requested types: Bookmarks, Preferences, Passwords, Autofill Profiles, Autofill, Typed URLs, Extensions, Sessions, Extension settings, History Delete Directives, Device Info, User Consents, Send Tab To Self, Web Apps, Collection, Edge E Drop, Edge Hub App Usage, Edge Tab Group, Edge Wallet, Encryption Keys}
{"logTime": "0526/052328", "correlationVector":"wv9F9Ik+I9uqcyBHp7fINe.1","action":"SyncServerConnectionManagerRequest", "result":"SYNC_SERVER_OK", "context":{"environment":"Prod_WestEurope_000l", "migrationStage":"NotStarted", "server":"GENERAL01000024"}}
{"logTime": "0526/052328", "correlationVector":"wv9F9Ik+I9uqcyBHp7fINe.2","action":"GetUpdates Response", "result":"Success", "context":Received 1 update(s). cV=wv9F9Ik+I9uqcyBHp7fINe.0;server=GENERAL01000024;cloudType=Consumer;environment=Prod_WestEurope_000l;migrationStage=NotStarted}
{"logTime": "0526/052416", "correlationVector":"EOfLBEBAIHHnSiOkrLI9Gv","action":"Commit Request", "result":"", "context":Item count: 1
Contributing types: Sessions}
{"logTime": "0526/052417", "correlationVector":"EOfLBEBAIHHnSiOkrLI9Gv.1","action":"SyncServerConnectionManagerRequest", "result":"SYNC_SERVER_OK", "context":{"environment":"Prod_WestEurope_000l", "migrationStage":"NotStarted", "server":"GENERAL0100000V"}}
{"logTime": "0526/052417", "correlationVector":"EOfLBEBAIHHnSiOkrLI9Gv.2","action":"Commit Response", "result":"Success", "context":Result: Success. cV=EOfLBEBAIHHnSiOkrLI9Gv.0;server=GENERAL0100000V;cloudType=Consumer;environment=Prod_WestEurope_000l;migrationStage=NotStarted}
{"logTime": "0526/052514", "correlationVector":"ZrA+SXc416wYxq+C1HKOTA","action":"Commit Request", "result":"", "context":Item count: 3
Contributing types: Sessions}
{"logTime": "0526/052514", "correlationVector":"ZrA+SXc416wYxq+C1HKOTA.1","action":"SyncServerConnectionManagerRequest", "result":"SYNC_SERVER_OK", "context":{"environment":"Prod_WestEurope_000l", "migrationStage":"NotStarted", "server":"GENERAL0100000I"}}
{"logTime": "0526/052514", "correlationVector":"ZrA+SXc416wYxq+C1HKOTA.2","action":"Commit Response", "result":"Success", "context":Result: Success. cV=ZrA+SXc416wYxq+C1HKOTA.0;server=GENERAL0100000I;cloudType=Consumer;environment=Prod_WestEurope_000l;migrationStage=NotStarted}
{"logTime": "0526/052603", "correlationVector":"rrqrsZG9uI9XhMywUfSyBc","action":"Commit Request", "result":"", "context":Item count: 1
Contributing types: Sessions}
{"logTime": "0526/052603", "correlationVector":"rrqrsZG9uI9XhMywUfSyBc.1","action":"SyncServerConnectionManagerRequest", "result":"SYNC_SERVER_OK", "context":{"environment":"Prod_WestEurope_000l", "migrationStage":"NotStarted", "server":"GENERAL0100000R"}}
{"logTime": "0526/052603", "correlationVector":"rrqrsZG9uI9XhMywUfSyBc.2","action":"Commit Response", "result":"Success", "context":Result: Success. cV=rrqrsZG9uI9XhMywUfSyBc.0;server=GENERAL0100000R;cloudType=Consumer;environment=Prod_WestEurope_000l;migrationStage=NotStarted}
{"logTime": "0526/052712", "correlationVector":"k5kJMKM/vAgMLO14TG/J4k","action":"Commit Request", "result":"", "context":Item count: 1
Contributing types: Sessions}
{"logTime": "0526/052712", "correlationVector":"k5kJMKM/vAgMLO14TG/J4k.1","action":"SyncServerConnectionManagerRequest", "result":"SYNC_SERVER_OK", "context":{"environment":"Prod_WestEurope_000l", "migrationStage":"NotStarted", "server":"GENERAL0100000K"}}
{"logTime": "0526/052712", "correlationVector":"k5kJMKM/vAgMLO14TG/J4k.2","action":"Commit Response", "result":"Success", "context":Result: Success. cV=k5kJMKM/vAgMLO14TG/J4k.0;server=GENERAL0100000K;cloudType=Consumer;environment=Prod_WestEurope_000l;migrationStage=NotStarted}
{"logTime": "0526/053338", "correlationVector":"asnQTYme/AjIsqVyQYWQYY","action":"Commit Request", "result":"", "context":Item count: 1
Contributing types: Sessions}
{"logTime": "0526/053338", "correlationVector":"asnQTYme/AjIsqVyQYWQYY.1","action":"SyncServerConnectionManagerRequest", "result":"SYNC_SERVER_OK", "context":{"environment":"Prod_WestEurope_000l", "migrationStage":"NotStarted", "server":"GENERAL01000017"}}
{"logTime": "0526/053338", "correlationVector":"asnQTYme/AjIsqVyQYWQYY.2","action":"Commit Response", "result":"Success", "context":Result: Success. cV=asnQTYme/AjIsqVyQYWQYY.0;server=GENERAL01000017;cloudType=Consumer;environment=Prod_WestEurope_000l;migrationStage=NotStarted}
{"logTime": "0526/053415", "correlationVector":"DlW9hUr8qP5hOpd+uDMhMV","action":"Commit Request", "result":"", "context":Item count: 1
Contributing types: Sessions}
{"logTime": "0526/053415", "correlationVector":"DlW9hUr8qP5hOpd+uDMhMV.1","action":"SyncServerConnectionManagerRequest", "result":"SYNC_SERVER_OK", "context":{"environment":"Prod_WestEurope_000l", "migrationStage":"NotStarted", "server":"GENERAL0100000T"}}
{"logTime": "0526/053415", "correlationVector":"DlW9hUr8qP5hOpd+uDMhMV.2","action":"Commit Response", "result":"Success", "context":Result: Success. cV=DlW9hUr8qP5hOpd+uDMhMV.0;server=GENERAL0100000T;cloudType=Consumer;environment=Prod_WestEurope_000l;migrationStage=NotStarted}
{"logTime": "0526/053516", "correlationVector":"Nd+vIVmam+mwE/PNR0YEwi","action":"Commit Request", "result":"", "context":Item count: 1
Contributing types: Sessions}
{"logTime": "0526/053516", "correlationVector":"Nd+vIVmam+mwE/PNR0YEwi.1","action":"SyncServerConnectionManagerRequest", "result":"SYNC_SERVER_OK", "context":{"environment":"Prod_WestEurope_000l", "migrationStage":"NotStarted", "server":"GENERAL0300002I"}}
{"logTime": "0526/053516", "correlationVector":"Nd+vIVmam+mwE/PNR0YEwi.2","action":"Commit Response", "result":"Success", "context":Result: Success. cV=Nd+vIVmam+mwE/PNR0YEwi.0;server=GENERAL0300002I;cloudType=Consumer;environment=Prod_WestEurope_000l;migrationStage=NotStarted}
{"logTime": "0526/053610", "correlationVector":"2+rKnxUbjTm6v3UZthV6x0","action":"Commit Request", "result":"", "context":Item count: 1
Contributing types: Sessions}
{"logTime": "0526/053610", "correlationVector":"2+rKnxUbjTm6v3UZthV6x0.1","action":"SyncServerConnectionManagerRequest", "result":"SYNC_SERVER_OK", "context":{"environment":"Prod_WestEurope_000l", "migrationStage":"NotStarted", "server":"GENERAL01000022"}}
{"logTime": "0526/053610", "correlationVector":"2+rKnxUbjTm6v3UZthV6x0.2","action":"Commit Response", "result":"Success", "context":Result: Success. cV=2+rKnxUbjTm6v3UZthV6x0.0;server=GENERAL01000022;cloudType=Consumer;environment=Prod_WestEurope_000l;migrationStage=NotStarted}
{"logTime": "0526/053812", "correlationVector":"jxtyxCA6nzkKg2GVvb5FzZ","action":"Commit Request", "result":"", "context":Item count: 1
Contributing types: Sessions}
{"logTime": "0526/053812", "correlationVector":"jxtyxCA6nzkKg2GVvb5FzZ.1","action":"SyncServerConnectionManagerRequest", "result":"SYNC_SERVER_OK", "context":{"environment":"Prod_WestEurope_000l", "migrationStage":"NotStarted", "server":"GENERAL0100000K"}}
{"logTime": "0526/053812", "correlationVector":"jxtyxCA6nzkKg2GVvb5FzZ.2","action":"Commit Response", "result":"Success", "context":Result: Success. cV=jxtyxCA6nzkKg2GVvb5FzZ.0;server=GENERAL0100000K;cloudType=Consumer;environment=Prod_WestEurope_000l;migrationStage=NotStarted}
{"logTime": "0526/055831", "correlationVector":"lCp+LSxLrvfJ3TKYHDqsco","action":"Commit Request", "result":"", "context":Item count: 1
Contributing types: Sessions}
{"logTime": "0526/055832", "correlationVector":"lCp+LSxLrvfJ3TKYHDqsco.1","action":"SyncServerConnectionManagerRequest", "result":"SYNC_SERVER_OK", "context":{"environment":"Prod_WestEurope_x00e", "migrationStage":"NotStarted", "server":"GENERAL01000017"}}
{"logTime": "0526/055832", "correlationVector":"lCp+LSxLrvfJ3TKYHDqsco.2","action":"Commit Response", "result":"Success", "context":Result: Success. cV=lCp+LSxLrvfJ3TKYHDqsco.0;server=GENERAL01000017;cloudType=Consumer;environment=Prod_WestEurope_x00e;migrationStage=NotStarted}
{"logTime": "0526/060644", "correlationVector":"y1eOrqU6UMELHgbfQ1+QQv","action":"Commit Request", "result":"", "context":Item count: 1
Contributing types: Sessions}
{"logTime": "0526/060644", "correlationVector":"y1eOrqU6UMELHgbfQ1+QQv.1","action":"SyncServerConnectionManagerRequest", "result":"SYNC_SERVER_OK", "context":{"environment":"Prod_WestEurope_000l", "migrationStage":"NotStarted", "server":"GENERAL0100000Y"}}
{"logTime": "0526/060644", "correlationVector":"y1eOrqU6UMELHgbfQ1+QQv.2","action":"Commit Response", "result":"Success", "context":Result: Success. cV=y1eOrqU6UMELHgbfQ1+QQv.0;server=GENERAL0100000Y;cloudType=Consumer;environment=Prod_WestEurope_000l;migrationStage=NotStarted}
{"logTime": "0526/060732", "correlationVector":"mDThqeKZlNHTB4WHfHXXtl","action":"Commit Request", "result":"", "context":Item count: 1
Contributing types: Sessions}
{"logTime": "0526/060732", "correlationVector":"mDThqeKZlNHTB4WHfHXXtl.1","action":"SyncServerConnectionManagerRequest", "result":"SYNC_SERVER_OK", "context":{"environment":"Prod_WestEurope_000l", "migrationStage":"NotStarted", "server":"general0100000Z"}}
{"logTime": "0526/060732", "correlationVector":"mDThqeKZlNHTB4WHfHXXtl.2","action":"Commit Response", "result":"Success", "context":Result: Success. cV=mDThqeKZlNHTB4WHfHXXtl.0;server=general0100000Z;cloudType=Consumer;environment=Prod_WestEurope_000l;migrationStage=NotStarted}
{"logTime": "0526/061112", "correlationVector":"SWXX0SXr4RkYiOMpcZD+pf","action":"Commit Request", "result":"", "context":Item count: 1
Contributing types: Sessions}
{"logTime": "0526/061112", "correlationVector":"SWXX0SXr4RkYiOMpcZD+pf.1","action":"SyncServerConnectionManagerRequest", "result":"SYNC_SERVER_OK", "context":{"environment":"Prod_WestEurope_000l", "migrationStage":"NotStarted", "server":"GENERAL01000003"}}
{"logTime": "0526/061112", "correlationVector":"SWXX0SXr4RkYiOMpcZD+pf.2","action":"Commit Response", "result":"Success", "context":Result: Success. cV=SWXX0SXr4RkYiOMpcZD+pf.0;server=GENERAL01000003;cloudType=Consumer;environment=Prod_WestEurope_000l;migrationStage=NotStarted}
{"logTime": "0526/061451", "correlationVector":"oaHn3UxXo2v3NUGgUwD2ZP","action":"Commit Request", "result":"", "context":Item count: 1
Contributing types: Sessions}
{"logTime": "0526/061451", "correlationVector":"oaHn3UxXo2v3NUGgUwD2ZP.1","action":"SyncServerConnectionManagerRequest", "result":"SYNC_SERVER_OK", "context":{"environment":"Prod_WestEurope_000l", "migrationStage":"NotStarted", "server":"GENERAL0100000R"}}
{"logTime": "0526/061451", "correlationVector":"oaHn3UxXo2v3NUGgUwD2ZP.2","action":"Commit Response", "result":"Success", "context":Result: Success. cV=oaHn3UxXo2v3NUGgUwD2ZP.0;server=GENERAL0100000R;cloudType=Consumer;environment=Prod_WestEurope_000l;migrationStage=NotStarted}
{"logTime": "0526/061759", "correlationVector":"ByQ8WJg7ZlT/DBQ1e/DTvf","action":"Commit Request", "result":"", "context":Item count: 1
Contributing types: Sessions}
{"logTime": "0526/061800", "correlationVector":"ByQ8WJg7ZlT/DBQ1e/DTvf.1","action":"SyncServerConnectionManagerRequest", "result":"SYNC_SERVER_OK", "context":{"environment":"Prod_WestEurope_000l", "migrationStage":"NotStarted", "server":"GENERAL01000003"}}
{"logTime": "0526/061800", "correlationVector":"ByQ8WJg7ZlT/DBQ1e/DTvf.2","action":"Commit Response", "result":"Success", "context":Result: Success. cV=ByQ8WJg7ZlT/DBQ1e/DTvf.0;server=GENERAL01000003;cloudType=Consumer;environment=Prod_WestEurope_000l;migrationStage=NotStarted}
{"logTime": "0526/062116", "correlationVector":"hUo3HvJioCE576ZUk8MkCz","action":"Commit Request", "result":"", "context":Item count: 1
Contributing types: Sessions}
{"logTime": "0526/062116", "correlationVector":"hUo3HvJioCE576ZUk8MkCz.1","action":"SyncServerConnectionManagerRequest", "result":"SYNC_SERVER_OK", "context":{"environment":"Prod_WestEurope_x00e", "migrationStage":"NotStarted", "server":"GENERAL0100001P"}}
{"logTime": "0526/062116", "correlationVector":"hUo3HvJioCE576ZUk8MkCz.2","action":"Commit Response", "result":"Success", "context":Result: Success. cV=hUo3HvJioCE576ZUk8MkCz.0;server=GENERAL0100001P;cloudType=Consumer;environment=Prod_WestEurope_x00e;migrationStage=NotStarted}
{"logTime": "0526/062257", "correlationVector":"Ma6NwylcoPe/M/2Kw7mOmK","action":"Commit Request", "result":"", "context":Item count: 1
Contributing types: Sessions}
{"logTime": "0526/062258", "correlationVector":"Ma6NwylcoPe/M/2Kw7mOmK.1","action":"SyncServerConnectionManagerRequest", "result":"SYNC_SERVER_OK", "context":{"environment":"Prod_WestEurope_x00e", "migrationStage":"NotStarted", "server":"GENERAL0200000A"}}
{"logTime": "0526/062258", "correlationVector":"Ma6NwylcoPe/M/2Kw7mOmK.2","action":"Commit Response", "result":"Success", "context":Result: Success. cV=Ma6NwylcoPe/M/2Kw7mOmK.0;server=GENERAL0200000A;cloudType=Consumer;environment=Prod_WestEurope_x00e;migrationStage=NotStarted}
{"logTime": "0526/063123", "correlationVector":"iUQmz5yT4TSzG/RNflb3bU","action":"Commit Request", "result":"", "context":Item count: 1
Contributing types: Sessions}
{"logTime": "0526/063123", "correlationVector":"iUQmz5yT4TSzG/RNflb3bU.1","action":"SyncServerConnectionManagerRequest", "result":"SYNC_SERVER_OK", "context":{"environment":"Prod_WestEurope_000l", "migrationStage":"NotStarted", "server":"GENERAL01000010"}}
{"logTime": "0526/063123", "correlationVector":"iUQmz5yT4TSzG/RNflb3bU.2","action":"Commit Response", "result":"Success", "context":Result: Success. cV=iUQmz5yT4TSzG/RNflb3bU.0;server=GENERAL01000010;cloudType=Consumer;environment=Prod_WestEurope_000l;migrationStage=NotStarted}
{"logTime": "0526/063214", "correlationVector":"BfTSj8dN836JiV9EKM6WHm","action":"Commit Request", "result":"", "context":Item count: 1
Contributing types: Sessions}
{"logTime": "0526/063214", "correlationVector":"BfTSj8dN836JiV9EKM6WHm.1","action":"SyncServerConnectionManagerRequest", "result":"SYNC_SERVER_OK", "context":{"environment":"Prod_WestEurope_000l", "migrationStage":"NotStarted", "server":"GENERAL0300002I"}}
{"logTime": "0526/063214", "correlationVector":"BfTSj8dN836JiV9EKM6WHm.2","action":"Commit Response", "result":"Success", "context":Result: Success. cV=BfTSj8dN836JiV9EKM6WHm.0;server=GENERAL0300002I;cloudType=Consumer;environment=Prod_WestEurope_000l;migrationStage=NotStarted}
{"logTime": "0526/063355", "correlationVector":"GvA0ZDd4g1+zwl++t7qFjo","action":"Commit Request", "result":"", "context":Item count: 1
Contributing types: Sessions}
{"logTime": "0526/063355", "correlationVector":"GvA0ZDd4g1+zwl++t7qFjo.1","action":"SyncServerConnectionManagerRequest", "result":"SYNC_SERVER_OK", "context":{"environment":"Prod_WestEurope_000l", "migrationStage":"NotStarted", "server":"GENERAL01000020"}}
{"logTime": "0526/063355", "correlationVector":"GvA0ZDd4g1+zwl++t7qFjo.2","action":"Commit Response", "result":"Success", "context":Result: Success. cV=GvA0ZDd4g1+zwl++t7qFjo.0;server=GENERAL01000020;cloudType=Consumer;environment=Prod_WestEurope_000l;migrationStage=NotStarted}
{"logTime": "0526/063559", "correlationVector":"/ZFW3YE+rfFoOpi/XY+UJx","action":"Commit Request", "result":"", "context":Item count: 1
Contributing types: Sessions}
{"logTime": "0526/063559", "correlationVector":"/ZFW3YE+rfFoOpi/XY+UJx.1","action":"SyncServerConnectionManagerRequest", "result":"SYNC_SERVER_OK", "context":{"environment":"Prod_WestEurope_000l", "migrationStage":"NotStarted", "server":"GENERAL01000027"}}
{"logTime": "0526/063559", "correlationVector":"/ZFW3YE+rfFoOpi/XY+UJx.2","action":"Commit Response", "result":"Success", "context":Result: Success. cV=/ZFW3YE+rfFoOpi/XY+UJx.0;server=GENERAL01000027;cloudType=Consumer;environment=Prod_WestEurope_000l;migrationStage=NotStarted}
{"logTime": "0526/063632", "correlationVector":"D0p7HMaHHg0WUGpREeZIbK","action":"Commit Request", "result":"", "context":Item count: 1
Contributing types: Sessions}
{"logTime": "0526/063632", "correlationVector":"D0p7HMaHHg0WUGpREeZIbK.1","action":"SyncServerConnectionManagerRequest", "result":"SYNC_SERVER_OK", "context":{"environment":"Prod_WestEurope_000l", "migrationStage":"NotStarted", "server":"GENERAL01000013"}}
{"logTime": "0526/063632", "correlationVector":"D0p7HMaHHg0WUGpREeZIbK.2","action":"Commit Response", "result":"Success", "context":Result: Success. cV=D0p7HMaHHg0WUGpREeZIbK.0;server=GENERAL01000013;cloudType=Consumer;environment=Prod_WestEurope_000l;migrationStage=NotStarted}
{"logTime": "0526/063942", "correlationVector":"i0evtFZI3yopzilsBqnBXl","action":"Commit Request", "result":"", "context":Item count: 1
Contributing types: Sessions}
{"logTime": "0526/063942", "correlationVector":"i0evtFZI3yopzilsBqnBXl.1","action":"SyncServerConnectionManagerRequest", "result":"SYNC_SERVER_OK", "context":{"environment":"Prod_WestEurope_x00e", "migrationStage":"NotStarted", "server":"GENERAL0100000H"}}
{"logTime": "0526/063942", "correlationVector":"i0evtFZI3yopzilsBqnBXl.2","action":"Commit Response", "result":"Success", "context":Result: Success. cV=i0evtFZI3yopzilsBqnBXl.0;server=GENERAL0100000H;cloudType=Consumer;environment=Prod_WestEurope_x00e;migrationStage=NotStarted}
{"logTime": "0526/064024", "correlationVector":"GekP/WMWMC9IzKRAGq1B9j","action":"Commit Request", "result":"", "context":Item count: 1
Contributing types: Sessions}
{"logTime": "0526/064024", "correlationVector":"GekP/WMWMC9IzKRAGq1B9j.1","action":"SyncServerConnectionManagerRequest", "result":"SYNC_SERVER_OK", "context":{"environment":"Prod_WestEurope_x00e", "migrationStage":"NotStarted", "server":"GENERAL0100002A"}}
{"logTime": "0526/064024", "correlationVector":"GekP/WMWMC9IzKRAGq1B9j.2","action":"Commit Response", "result":"Success", "context":Result: Success. cV=GekP/WMWMC9IzKRAGq1B9j.0;server=GENERAL0100002A;cloudType=Consumer;environment=Prod_WestEurope_x00e;migrationStage=NotStarted}
{"logTime": "0526/064444", "correlationVector":"OV3F/I29FurmZe5bq3mHGI","action":"Commit Request", "result":"", "context":Item count: 1
Contributing types: Sessions}
{"logTime": "0526/064444", "correlationVector":"OV3F/I29FurmZe5bq3mHGI.1","action":"SyncServerConnectionManagerRequest", "result":"SYNC_SERVER_OK", "context":{"environment":"Prod_WestEurope_000l", "migrationStage":"NotStarted", "server":"GENERAL01000008"}}
{"logTime": "0526/064444", "correlationVector":"OV3F/I29FurmZe5bq3mHGI.2","action":"Commit Response", "result":"Success", "context":Result: Success. cV=OV3F/I29FurmZe5bq3mHGI.0;server=GENERAL01000008;cloudType=Consumer;environment=Prod_WestEurope_000l;migrationStage=NotStarted}
{"logTime": "0526/064941", "correlationVector":"B23V4ZpVQQJPzlnQbKh9ej","action":"Commit Request", "result":"", "context":Item count: 1
Contributing types: Sessions}
{"logTime": "0526/064941", "correlationVector":"B23V4ZpVQQJPzlnQbKh9ej.1","action":"SyncServerConnectionManagerRequest", "result":"SYNC_SERVER_OK", "context":{"environment":"Prod_WestEurope_000l", "migrationStage":"NotStarted", "server":"GENERAL0100001Z"}}
{"logTime": "0526/064941", "correlationVector":"B23V4ZpVQQJPzlnQbKh9ej.2","action":"Commit Response", "result":"Success", "context":Result: Success. cV=B23V4ZpVQQJPzlnQbKh9ej.0;server=GENERAL0100001Z;cloudType=Consumer;environment=Prod_WestEurope_000l;migrationStage=NotStarted}
{"logTime": "0526/065037", "correlationVector":"zLIypifKn/yOoZXtfeCv7r","action":"Commit Request", "result":"", "context":Item count: 1
Contributing types: Sessions}
{"logTime": "0526/065037", "correlationVector":"zLIypifKn/yOoZXtfeCv7r.1","action":"SyncServerConnectionManagerRequest", "result":"SYNC_SERVER_OK", "context":{"environment":"Prod_WestEurope_000l", "migrationStage":"NotStarted", "server":"GENERAL0100000Y"}}
{"logTime": "0526/065037", "correlationVector":"zLIypifKn/yOoZXtfeCv7r.2","action":"Commit Response", "result":"Success", "context":Result: Success. cV=zLIypifKn/yOoZXtfeCv7r.0;server=GENERAL0100000Y;cloudType=Consumer;environment=Prod_WestEurope_000l;migrationStage=NotStarted}
{"logTime": "0526/065124", "correlationVector":"UH1tHHwqb0txfOs9UACPby","action":"Commit Request", "result":"", "context":Item count: 1
Contributing types: Sessions}
{"logTime": "0526/065124", "correlationVector":"UH1tHHwqb0txfOs9UACPby.1","action":"SyncServerConnectionManagerRequest", "result":"SYNC_SERVER_OK", "context":{"environment":"Prod_WestEurope_000l", "migrationStage":"NotStarted", "server":"GENERAL01000008"}}
{"logTime": "0526/065124", "correlationVector":"UH1tHHwqb0txfOs9UACPby.2","action":"Commit Response", "result":"Success", "context":Result: Success. cV=UH1tHHwqb0txfOs9UACPby.0;server=GENERAL01000008;cloudType=Consumer;environment=Prod_WestEurope_000l;migrationStage=NotStarted}
{"logTime": "0526/065231", "correlationVector":"SmOLyp6vUVMsBFwmktE7Ag","action":"Commit Request", "result":"", "context":Item count: 1
Contributing types: Sessions}
{"logTime": "0526/065231", "correlationVector":"SmOLyp6vUVMsBFwmktE7Ag.1","action":"SyncServerConnectionManagerRequest", "result":"SYNC_SERVER_OK", "context":{"environment":"Prod_WestEurope_000l", "migrationStage":"NotStarted", "server":"GENERAL01000003"}}
{"logTime": "0526/065231", "correlationVector":"SmOLyp6vUVMsBFwmktE7Ag.2","action":"Commit Response", "result":"Success", "context":Result: Success. cV=SmOLyp6vUVMsBFwmktE7Ag.0;server=GENERAL01000003;cloudType=Consumer;environment=Prod_WestEurope_000l;migrationStage=NotStarted}
{"logTime": "0526/065446", "correlationVector":"YhUEMiOugvzY/vMptnlmMT","action":"Commit Request", "result":"", "context":Item count: 1
Contributing types: Sessions}
{"logTime": "0526/065446", "correlationVector":"YhUEMiOugvzY/vMptnlmMT.1","action":"SyncServerConnectionManagerRequest", "result":"SYNC_SERVER_OK", "context":{"environment":"Prod_WestEurope_000l", "migrationStage":"NotStarted", "server":"general0100000X"}}
{"logTime": "0526/065446", "correlationVector":"YhUEMiOugvzY/vMptnlmMT.2","action":"Commit Response", "result":"Success", "context":Result: Success. cV=YhUEMiOugvzY/vMptnlmMT.0;server=general0100000X;cloudType=Consumer;environment=Prod_WestEurope_000l;migrationStage=NotStarted}
{"logTime": "0526/065530", "correlationVector":"9+gS8HeAMiESY4VfdjtCgw","action":"Commit Request", "result":"", "context":Item count: 1
Contributing types: Sessions}
{"logTime": "0526/065530", "correlationVector":"9+gS8HeAMiESY4VfdjtCgw.1","action":"SyncServerConnectionManagerRequest", "result":"SYNC_SERVER_OK", "context":{"environment":"Prod_WestEurope_000l", "migrationStage":"NotStarted", "server":"GENERAL0100000D"}}
{"logTime": "0526/065530", "correlationVector":"9+gS8HeAMiESY4VfdjtCgw.2","action":"Commit Response", "result":"Success", "context":Result: Success. cV=9+gS8HeAMiESY4VfdjtCgw.0;server=GENERAL0100000D;cloudType=Consumer;environment=Prod_WestEurope_000l;migrationStage=NotStarted}
{"logTime": "0526/065601", "correlationVector":"sHjbdp6ZdofoK2hBevnwpJ","action":"Commit Request", "result":"", "context":Item count: 1
Contributing types: Sessions}
{"logTime": "0526/065601", "correlationVector":"sHjbdp6ZdofoK2hBevnwpJ.1","action":"SyncServerConnectionManagerRequest", "result":"SYNC_SERVER_OK", "context":{"environment":"Prod_WestEurope_000l", "migrationStage":"NotStarted", "server":"GENERAL01000015"}}
{"logTime": "0526/065601", "correlationVector":"sHjbdp6ZdofoK2hBevnwpJ.2","action":"Commit Response", "result":"Success", "context":Result: Success. cV=sHjbdp6ZdofoK2hBevnwpJ.0;server=GENERAL01000015;cloudType=Consumer;environment=Prod_WestEurope_000l;migrationStage=NotStarted}
{"logTime": "0526/065641", "correlationVector":"g1XLfHmQklsnOSMx6C+NA7","action":"Commit Request", "result":"", "context":Item count: 1
Contributing types: Sessions}
{"logTime": "0526/065641", "correlationVector":"g1XLfHmQklsnOSMx6C+NA7.1","action":"SyncServerConnectionManagerRequest", "result":"SYNC_SERVER_OK", "context":{"environment":"Prod_WestEurope_000l", "migrationStage":"NotStarted", "server":"general0100000X"}}
{"logTime": "0526/065641", "correlationVector":"g1XLfHmQklsnOSMx6C+NA7.2","action":"Commit Response", "result":"Success", "context":Result: Success. cV=g1XLfHmQklsnOSMx6C+NA7.0;server=general0100000X;cloudType=Consumer;environment=Prod_WestEurope_000l;migrationStage=NotStarted}
{"logTime": "0526/065739", "correlationVector":"i5bIKU7up6U4E7l8R63OfN","action":"Commit Request", "result":"", "context":Item count: 1
Contributing types: Sessions}
{"logTime": "0526/065740", "correlationVector":"i5bIKU7up6U4E7l8R63OfN.1","action":"SyncServerConnectionManagerRequest", "result":"SYNC_SERVER_OK", "context":{"environment":"Prod_WestEurope_000l", "migrationStage":"NotStarted", "server":"GENERAL0100000V"}}
{"logTime": "0526/065740", "correlationVector":"i5bIKU7up6U4E7l8R63OfN.2","action":"Commit Response", "result":"Success", "context":Result: Success. cV=i5bIKU7up6U4E7l8R63OfN.0;server=GENERAL0100000V;cloudType=Consumer;environment=Prod_WestEurope_000l;migrationStage=NotStarted}
{"logTime": "0526/065917", "correlationVector":"KEubpgN7gMTLTEzEh34R2x","action":"Commit Request", "result":"", "context":Item count: 1
Contributing types: Sessions}
{"logTime": "0526/065917", "correlationVector":"KEubpgN7gMTLTEzEh34R2x.1","action":"SyncServerConnectionManagerRequest", "result":"SYNC_SERVER_OK", "context":{"environment":"Prod_WestEurope_000l", "migrationStage":"NotStarted", "server":"GENERAL01000012"}}
{"logTime": "0526/065917", "correlationVector":"KEubpgN7gMTLTEzEh34R2x.2","action":"Commit Response", "result":"Success", "context":Result: Success. cV=KEubpgN7gMTLTEzEh34R2x.0;server=GENERAL01000012;cloudType=Consumer;environment=Prod_WestEurope_000l;migrationStage=NotStarted}
{"logTime": "0526/070013", "correlationVector":"cTKLEKdkXaORXQD5GkKHcc","action":"Commit Request", "result":"", "context":Item count: 1
Contributing types: Sessions}
{"logTime": "0526/070013", "correlationVector":"cTKLEKdkXaORXQD5GkKHcc.1","action":"SyncServerConnectionManagerRequest", "result":"SYNC_SERVER_OK", "context":{"environment":"Prod_WestEurope_000l", "migrationStage":"NotStarted", "server":"GENERAL01000025"}}
{"logTime": "0526/070013", "correlationVector":"cTKLEKdkXaORXQD5GkKHcc.2","action":"Commit Response", "result":"Success", "context":Result: Success. cV=cTKLEKdkXaORXQD5GkKHcc.0;server=GENERAL01000025;cloudType=Consumer;environment=Prod_WestEurope_000l;migrationStage=NotStarted}
{"logTime": "0526/070105", "correlationVector":"GqfeOvyuJn1GRYXTxhDFhV","action":"Commit Request", "result":"", "context":Item count: 1
Contributing types: Sessions}
{"logTime": "0526/070105", "correlationVector":"GqfeOvyuJn1GRYXTxhDFhV.1","action":"SyncServerConnectionManagerRequest", "result":"SYNC_SERVER_OK", "context":{"environment":"Prod_WestEurope_000l", "migrationStage":"NotStarted", "server":"GENERAL0100000K"}}
{"logTime": "0526/070105", "correlationVector":"GqfeOvyuJn1GRYXTxhDFhV.2","action":"Commit Response", "result":"Success", "context":Result: Success. cV=GqfeOvyuJn1GRYXTxhDFhV.0;server=GENERAL0100000K;cloudType=Consumer;environment=Prod_WestEurope_000l;migrationStage=NotStarted}
{"logTime": "0526/070647", "correlationVector":"CEsfOBlh9hRhp5ZskyaPpF","action":"Commit Request", "result":"", "context":Item count: 1
Contributing types: Sessions}
{"logTime": "0526/070648", "correlationVector":"CEsfOBlh9hRhp5ZskyaPpF.1","action":"SyncServerConnectionManagerRequest", "result":"SYNC_SERVER_OK", "context":{"environment":"Prod_WestEurope_000l", "migrationStage":"NotStarted", "server":"GENERAL0100000W"}}
{"logTime": "0526/070648", "correlationVector":"CEsfOBlh9hRhp5ZskyaPpF.2","action":"Commit Response", "result":"Success", "context":Result: Success. cV=CEsfOBlh9hRhp5ZskyaPpF.0;server=GENERAL0100000W;cloudType=Consumer;environment=Prod_WestEurope_000l;migrationStage=NotStarted}
{"logTime": "0526/072123", "correlationVector":"704qrC4MynEr6egaGyWBE2","action":"Commit Request", "result":"", "context":Item count: 1
Contributing types: Sessions}
{"logTime": "0526/072123", "correlationVector":"704qrC4MynEr6egaGyWBE2.1","action":"SyncServerConnectionManagerRequest", "result":"SYNC_SERVER_OK", "context":{"environment":"Prod_WestEurope_000l", "migrationStage":"NotStarted", "server":"GENERAL0100000W"}}
{"logTime": "0526/072123", "correlationVector":"704qrC4MynEr6egaGyWBE2.2","action":"Commit Response", "result":"Success", "context":Result: Success. cV=704qrC4MynEr6egaGyWBE2.0;server=GENERAL0100000W;cloudType=Consumer;environment=Prod_WestEurope_000l;migrationStage=NotStarted}
{"logTime": "0526/073141", "correlationVector":"JYBdi5+gjo75yjV2Z1Xgw+","action":"Commit Request", "result":"", "context":Item count: 1
Contributing types: Sessions}
{"logTime": "0526/073142", "correlationVector":"JYBdi5+gjo75yjV2Z1Xgw+.1","action":"SyncServerConnectionManagerRequest", "result":"SYNC_SERVER_OK", "context":{"environment":"Prod_WestEurope_x00e", "migrationStage":"NotStarted", "server":"GENERAL0100001Y"}}
{"logTime": "0526/073142", "correlationVector":"JYBdi5+gjo75yjV2Z1Xgw+.2","action":"Commit Response", "result":"Success", "context":Result: Success. cV=JYBdi5+gjo75yjV2Z1Xgw+.0;server=GENERAL0100001Y;cloudType=Consumer;environment=Prod_WestEurope_x00e;migrationStage=NotStarted}
{"logTime": "0526/074321", "correlationVector":"JF2VDoMk0U8/Mv4Y84gS8r","action":"Commit Request", "result":"", "context":Item count: 1
Contributing types: Sessions}
{"logTime": "0526/074321", "correlationVector":"JF2VDoMk0U8/Mv4Y84gS8r.1","action":"SyncServerConnectionManagerRequest", "result":"SYNC_SERVER_OK", "context":{"environment":"Prod_WestEurope_x00e", "migrationStage":"NotStarted", "server":"GENERAL0100001M"}}
{"logTime": "0526/074321", "correlationVector":"JF2VDoMk0U8/Mv4Y84gS8r.2","action":"Commit Response", "result":"Success", "context":Result: Success. cV=JF2VDoMk0U8/Mv4Y84gS8r.0;server=GENERAL0100001M;cloudType=Consumer;environment=Prod_WestEurope_x00e;migrationStage=NotStarted}
{"logTime": "0526/074400", "correlationVector":"xj6BljB2OB8vJvURgP//ic","action":"Commit Request", "result":"", "context":Item count: 1
Contributing types: Sessions}
{"logTime": "0526/074400", "correlationVector":"xj6BljB2OB8vJvURgP//ic.1","action":"SyncServerConnectionManagerRequest", "result":"SYNC_SERVER_OK", "context":{"environment":"Prod_WestEurope_x00e", "migrationStage":"NotStarted", "server":"GENERAL0100000W"}}
{"logTime": "0526/074400", "correlationVector":"xj6BljB2OB8vJvURgP//ic.2","action":"Commit Response", "result":"Success", "context":Result: Success. cV=xj6BljB2OB8vJvURgP//ic.0;server=GENERAL0100000W;cloudType=Consumer;environment=Prod_WestEurope_x00e;migrationStage=NotStarted}
{"logTime": "0526/075915", "correlationVector":"3sJ8LNm03UGasRUj+4LWWO","action":"Commit Request", "result":"", "context":Item count: 1
Contributing types: Sessions}
{"logTime": "0526/075915", "correlationVector":"3sJ8LNm03UGasRUj+4LWWO.1","action":"SyncServerConnectionManagerRequest", "result":"SYNC_SERVER_OK", "context":{"environment":"Prod_WestEurope_x00e", "migrationStage":"NotStarted", "server":"GENERAL0100002G"}}
{"logTime": "0526/075915", "correlationVector":"3sJ8LNm03UGasRUj+4LWWO.2","action":"Commit Response", "result":"Success", "context":Result: Success. cV=3sJ8LNm03UGasRUj+4LWWO.0;server=GENERAL0100002G;cloudType=Consumer;environment=Prod_WestEurope_x00e;migrationStage=NotStarted}
{"logTime": "0526/080840", "correlationVector":"1mYNEIT81GMgtKhm1ikW+C","action":"Commit Request", "result":"", "context":Item count: 1
Contributing types: Sessions}
{"logTime": "0526/080840", "correlationVector":"1mYNEIT81GMgtKhm1ikW+C.1","action":"SyncServerConnectionManagerRequest", "result":"SYNC_SERVER_OK", "context":{"environment":"Prod_WestEurope_x00e", "migrationStage":"NotStarted", "server":"GENERAL0100000R"}}
{"logTime": "0526/080840", "correlationVector":"1mYNEIT81GMgtKhm1ikW+C.2","action":"Commit Response", "result":"Success", "context":Result: Success. cV=1mYNEIT81GMgtKhm1ikW+C.0;server=GENERAL0100000R;cloudType=Consumer;environment=Prod_WestEurope_x00e;migrationStage=NotStarted}
{"logTime": "0526/081005", "correlationVector":"5pM28mij263lmU5j2mapoj","action":"Commit Request", "result":"", "context":Item count: 1
Contributing types: Sessions}
{"logTime": "0526/081005", "correlationVector":"5pM28mij263lmU5j2mapoj.1","action":"SyncServerConnectionManagerRequest", "result":"SYNC_SERVER_OK", "context":{"environment":"Prod_WestEurope_x00e", "migrationStage":"NotStarted", "server":"GENERAL0100001P"}}
{"logTime": "0526/081005", "correlationVector":"5pM28mij263lmU5j2mapoj.2","action":"Commit Response", "result":"Success", "context":Result: Success. cV=5pM28mij263lmU5j2mapoj.0;server=GENERAL0100001P;cloudType=Consumer;environment=Prod_WestEurope_x00e;migrationStage=NotStarted}
{"logTime": "0526/081237", "correlationVector":"XD65Swu/pcenY+XHWhBcOe","action":"Commit Request", "result":"", "context":Item count: 2
Contributing types: Sessions}
{"logTime": "0526/081237", "correlationVector":"XD65Swu/pcenY+XHWhBcOe.1","action":"SyncServerConnectionManagerRequest", "result":"SYNC_SERVER_OK", "context":{"environment":"Prod_WestEurope_x00e", "migrationStage":"NotStarted", "server":"GENERAL0200001S"}}
{"logTime": "0526/081237", "correlationVector":"XD65Swu/pcenY+XHWhBcOe.2","action":"Commit Response", "result":"Success", "context":Result: Success. cV=XD65Swu/pcenY+XHWhBcOe.0;server=GENERAL0200001S;cloudType=Consumer;environment=Prod_WestEurope_x00e;migrationStage=NotStarted}
